<?xml version="1.0" encoding="UTF-8"?>
<!-- Generated by org.testng.reporters.JUnitXMLReporter -->
<testsuite ignored="0" hostname="JungHoons-MacBook-Pro.local" failures="1" tests="1" name="JSAlertTest" time="9.147" errors="0" timestamp="2024-07-10T00:49:06 CDT">
  <testcase classname="com.herokuapp.internet.jserrortest.JSErrorTest" name="keyPressesTest" time="2.427">
    <failure type="java.lang.AssertionError" message="The following asserts failed:
	SEVERE ERROR: https://the-internet.herokuapp.com/favicon.ico - Failed to load resource: the server responded with a status of 404 (Not Found),
	SEVERE ERROR: https://298279967.log.optimizely.com/event?a=298279967&amp;amp;d=298279967&amp;amp;y=false&amp;amp;n=https%3A%2F%2Fthe-internet.herokuapp.com%2F&amp;amp;u=oeu1720590545205r0.19573510190358712&amp;amp;wxhr=true&amp;amp;t=1720590545212&amp;amp;f=298349752,318188263 - Failed to load resource: net::ERR_NAME_NOT_RESOLVED,
	SEVERE ERROR: https://the-internet.herokuapp.com/javascript_error 6:51 Uncaught TypeError: Cannot read properties of undefined (reading &amp;apos;xyz&amp;apos;)">
      <![CDATA[java.lang.AssertionError: The following asserts failed:
SEVERE ERROR: https://the-internet.herokuapp.com/favicon.ico - Failed to load resource: the server responded with a status of 404 (Not Found),
SEVERE ERROR: https://298279967.log.optimizely.com/event?a=298279967&d=298279967&y=false&n=https%3A%2F%2Fthe-internet.herokuapp.com%2F&u=oeu1720590545205r0.19573510190358712&wxhr=true&t=1720590545212&f=298349752,318188263 - Failed to load resource: net::ERR_NAME_NOT_RESOLVED,
SEVERE ERROR: https://the-internet.herokuapp.com/javascript_error 6:51 Uncaught TypeError: Cannot read properties of undefined (reading 'xyz')
at com.herokuapp.internet.jserrortest.JSErrorTest.keyPressesTest(JSErrorTest.java:48)
at java.base/java.util.ArrayList.forEach(ArrayList.java:1597)
... Removed 27 stack frames]]>
    </failure>
  </testcase> <!-- keyPressesTest -->
</testsuite> <!-- JSAlertTest -->
