<?xml version="1.0" encoding="UTF-8"?>
<!-- Generated by org.testng.reporters.JUnitReportReporter -->
<testsuite hostname="JungHoons-MacBook-Pro.local" failures="1" tests="1" name="com.herokuapp.internet.jserrortest.JSErrorTest" time="5.677" errors="0" timestamp="2024-07-10T01:02:21 CDT" skipped="0">
  <testcase classname="com.herokuapp.internet.jserrortest.JSErrorTest" name="keyPressesTest" time="5.677">
    <failure message="The following asserts failed:
	SEVERE ERROR: https://298279967.log.optimizely.com/event?a=298279967&amp;d=298279967&amp;y=false&amp;n=https%3A%2F%2Fthe-internet.herokuapp.com%2F&amp;u=oeu1720591262859r0.29430429985959794&amp;wxhr=true&amp;t=1720591262867&amp;f=298349752,318188263 - Failed to load resource: net::ERR_NAME_NOT_RESOLVED,
	SEVERE ERROR: https://the-internet.herokuapp.com/favicon.ico - Failed to load resource: the server responded with a status of 404 (Not Found),
	SEVERE ERROR: https://298279967.log.optimizely.com/event?a=298279967&amp;d=298279967&amp;y=false&amp;n=engagement&amp;g=298283957&amp;u=oeu1720591262859r0.29430429985959794&amp;wxhr=true&amp;t=1720591263330&amp;f=298349752,318188263 - Failed to load resource: net::ERR_NAME_NOT_RESOLVED,
	SEVERE ERROR: https://the-internet.herokuapp.com/javascript_error 6:51 Uncaught TypeError: Cannot read properties of undefined (reading &#039;xyz&#039;)" type="java.lang.AssertionError">
      <![CDATA[java.lang.AssertionError: The following asserts failed:
SEVERE ERROR: https://298279967.log.optimizely.com/event?a=298279967&d=298279967&y=false&n=https%3A%2F%2Fthe-internet.herokuapp.com%2F&u=oeu1720591262859r0.29430429985959794&wxhr=true&t=1720591262867&f=298349752,318188263 - Failed to load resource: net::ERR_NAME_NOT_RESOLVED,
SEVERE ERROR: https://the-internet.herokuapp.com/favicon.ico - Failed to load resource: the server responded with a status of 404 (Not Found),
SEVERE ERROR: https://298279967.log.optimizely.com/event?a=298279967&d=298279967&y=false&n=engagement&g=298283957&u=oeu1720591262859r0.29430429985959794&wxhr=true&t=1720591263330&f=298349752,318188263 - Failed to load resource: net::ERR_NAME_NOT_RESOLVED,
SEVERE ERROR: https://the-internet.herokuapp.com/javascript_error 6:51 Uncaught TypeError: Cannot read properties of undefined (reading 'xyz')
at org.testng.asserts.SoftAssert.assertAll(SoftAssert.java:46)
at org.testng.asserts.SoftAssert.assertAll(SoftAssert.java:30)
at com.herokuapp.internet.jserrortest.JSErrorTest.keyPressesTest(JSErrorTest.java:48)
at java.base/jdk.internal.reflect.DirectMethodHandleAccessor.invoke(DirectMethodHandleAccessor.java:103)
at java.base/java.lang.reflect.Method.invoke(Method.java:580)
at org.testng.internal.invokers.MethodInvocationHelper.invokeMethod(MethodInvocationHelper.java:141)
at org.testng.internal.invokers.TestInvoker.invokeMethod(TestInvoker.java:686)
at org.testng.internal.invokers.TestInvoker.invokeTestMethod(TestInvoker.java:230)
at org.testng.internal.invokers.MethodRunner.runInSequence(MethodRunner.java:63)
at org.testng.internal.invokers.TestInvoker$MethodInvocationAgent.invoke(TestInvoker.java:992)
at org.testng.internal.invokers.TestInvoker.invokeTestMethods(TestInvoker.java:203)
at org.testng.internal.invokers.TestMethodWorker.invokeTestMethods(TestMethodWorker.java:154)
at org.testng.internal.invokers.TestMethodWorker.run(TestMethodWorker.java:134)
at java.base/java.util.ArrayList.forEach(ArrayList.java:1597)
at org.testng.TestRunner.privateRun(TestRunner.java:739)
at org.testng.TestRunner.run(TestRunner.java:614)
at org.testng.SuiteRunner.runTest(SuiteRunner.java:421)
at org.testng.SuiteRunner.runSequentially(SuiteRunner.java:413)
at org.testng.SuiteRunner.privateRun(SuiteRunner.java:373)
at org.testng.SuiteRunner.run(SuiteRunner.java:312)
at org.testng.SuiteRunnerWorker.runSuite(SuiteRunnerWorker.java:52)
at org.testng.SuiteRunnerWorker.run(SuiteRunnerWorker.java:95)
at org.testng.TestNG.runSuitesSequentially(TestNG.java:1274)
at org.testng.TestNG.runSuitesLocally(TestNG.java:1208)
at org.testng.TestNG.runSuites(TestNG.java:1112)
at org.testng.TestNG.run(TestNG.java:1079)
at org.testng.remote.AbstractRemoteTestNG.run(AbstractRemoteTestNG.java:115)
at org.testng.remote.RemoteTestNG.initAndRun(RemoteTestNG.java:293)
at org.testng.remote.RemoteTestNG.main(RemoteTestNG.java:91)
]]>
    </failure>
  </testcase> <!-- keyPressesTest -->
</testsuite> <!-- com.herokuapp.internet.jserrortest.JSErrorTest -->
